[smallcharge.ml/index.html]
[backblue.gif]
[fade.gif]
[index.html]
[smallcharge.ml/css/bootstrap.css]
[smallcharge.ml/plugins/revolution/css/settings.css]
[smallcharge.ml/plugins/revolution/css/layers.css]
[smallcharge.ml/plugins/revolution/css/navigation.css]
[smallcharge.ml/css/style.css]
[smallcharge.ml/css/responsive.css]
[smallcharge.ml/images/favicon.png]
[smallcharge.ml/index-2.html]
[smallcharge.ml/images/logo.png]
[smallcharge.ml/index-3.html]
[smallcharge.ml/index-4.html]
[smallcharge.ml/index-5.html]
[smallcharge.ml/index-6.html]
[smallcharge.ml/about-us.html]
[smallcharge.ml/services.html]
[smallcharge.ml/pricing-table.html]
[smallcharge.ml/elements.html]
[smallcharge.ml/coming-soon.html]
[smallcharge.ml/error-page.html]
[smallcharge.ml/terms-and-condition.html]
[smallcharge.ml/doctors.html]
[smallcharge.ml/doctor-detail.html]
[smallcharge.ml/departments.html]
[smallcharge.ml/department-detail.html]
[smallcharge.ml/blog-checkboard.html]
[smallcharge.ml/blog-masonry.html]
[smallcharge.ml/blog-two-col.html]
[smallcharge.ml/blog-three-col.html]
[smallcharge.ml/blog-four-col-wide.html]
[smallcharge.ml/blog-post-image.html]
[smallcharge.ml/blog-post-gallery.html]
[smallcharge.ml/blog-post-link.html]
[smallcharge.ml/blog-post-audio.html]
[smallcharge.ml/blog-post-quote.html]
[smallcharge.ml/blog-post-video.html]
[smallcharge.ml/shop.html]
[smallcharge.ml/shop-single.html]
[smallcharge.ml/shopping-cart.html]
[smallcharge.ml/checkout.html]
[smallcharge.ml/login.html]
[smallcharge.ml/contact.html]
[smallcharge.ml/appointment.html]
[smallcharge.ml/images/main-slider/2.jpg]
[smallcharge.ml/images/main-slider/1.jpg]
[smallcharge.ml/images/resource/signature.png]
[smallcharge.ml/images/resource/image-3.png]
[smallcharge.ml/images/resource/image-1.png]
[smallcharge.ml/images/resource/image-2.png]
[smallcharge.ml/images/resource/team-1.jpg]
[smallcharge.ml/images/resource/team-2.jpg]
[smallcharge.ml/images/resource/team-4.jpg]
[smallcharge.ml/images/resource/team-3.jpg]
[smallcharge.ml/images/background/2.jpg]
[smallcharge.ml/images/resource/testi-thumb-1.jpg]
[smallcharge.ml/images/resource/testi-thumb-2.jpg]
[smallcharge.ml/images/resource/testi-thumb-3.jpg]
[smallcharge.ml/images/resource/image-4.png]
[smallcharge.ml/images/resource/news-1.jpg]
[smallcharge.ml/images/resource/news-2.jpg]
[smallcharge.ml/images/resource/news-3.jpg]
[smallcharge.ml/images/clients/1.png]
[smallcharge.ml/images/clients/2.png]
[smallcharge.ml/images/clients/3.png]
[smallcharge.ml/images/clients/4.png]
[smallcharge.ml/images/clients/5.png]
[smallcharge.ml/images/logo-2.png]
[smallcharge.ml/images/resource/post-thumb-1.jpg]
[smallcharge.ml/images/resource/post-thumb-2.jpg]
[smallcharge.ml/images/background/7.jpg]
[smallcharge.ml/images/resource/post-thumb-3.jpg]
[smallcharge.ml/js/jquery.js]
[smallcharge.ml/js/popper.min.js]
[smallcharge.ml/plugins/revolution/js/jquery.themepunch.revolution.min.js]
[smallcharge.ml/plugins/revolution/js/jquery.themepunch.tools.min.js]
[smallcharge.ml/plugins/revolution/js/extensions/revolution.extension.actions.min.js]
[smallcharge.ml/plugins/revolution/js/extensions/revolution.extension.carousel.min.js]
[smallcharge.ml/plugins/revolution/js/extensions/revolution.extension.kenburn.min.js]
[smallcharge.ml/plugins/revolution/js/extensions/revolution.extension.layeranimation.min.js]
[smallcharge.ml/plugins/revolution/js/extensions/revolution.extension.migration.min.js]
[smallcharge.ml/plugins/revolution/js/extensions/revolution.extension.navigation.min.js]
[smallcharge.ml/plugins/revolution/js/extensions/revolution.extension.parallax.min.js]
[smallcharge.ml/plugins/revolution/js/extensions/revolution.extension.slideanims.min.js]
[smallcharge.ml/plugins/revolution/js/extensions/revolution.extension.video.min.js]
[smallcharge.ml/js/main-slider-script.js]
[smallcharge.ml/js/bootstrap.min.js]
[smallcharge.ml/js/jquery.fancybox.js]
[smallcharge.ml/js/mmenu.polyfills.js]
[smallcharge.ml/js/jquery.modal.min.js]
[smallcharge.ml/js/mmenu.js]
[smallcharge.ml/js/appear.js]
[smallcharge.ml/js/owl.js]
[smallcharge.ml/js/wow.js]
[smallcharge.ml/index.html]
[smallcharge.ml/js/script.js]
[smallcharge.ml/css/bootstrap.css]
[smallcharge.ml/plugins/revolution/fonts/revicons/revicons90c6.eot]
[smallcharge.ml/plugins/revolution/fonts/revicons/revicons90c6.woff]
[smallcharge.ml/plugins/revolution/fonts/revicons/revicons90c6.ttf]
[smallcharge.ml/plugins/revolution/fonts/revicons/revicons90c6.svg]
[smallcharge.ml/plugins/revolution/css/openhand.html]
[smallcharge.ml/plugins/revolution/css/closedhand.html]
[smallcharge.ml/plugins/revolution/assets/gridtile.png]
[smallcharge.ml/plugins/revolution/assets/gridtile_white.png]
[smallcharge.ml/plugins/revolution/assets/gridtile_3x3.png]
[smallcharge.ml/plugins/revolution/assets/gridtile_3x3_white.png]
[smallcharge.ml/plugins/revolution/assets/coloredbg.png]
[smallcharge.ml/plugins/revolution/css/settings.css]
[smallcharge.ml/plugins/revolution/assets/loader.gif]
[smallcharge.ml/plugins/revolution/css/layers.css]
[smallcharge.ml/plugins/revolution/css/navigation.css]
[smallcharge.ml/css/flaticon.css]
[smallcharge.ml/css/fontawesome-all.css]
[smallcharge.ml/css/animate.css]
[smallcharge.ml/css/owl.css]
[smallcharge.ml/css/jquery-ui.min.css]
[smallcharge.ml/css/mmenu.css]
[smallcharge.ml/css/jquery.fancybox.min.css]
[smallcharge.ml/css/jquery.modal.min.css]
[smallcharge.ml/css/jquery.bootstrap-touchspin.css]
[smallcharge.ml/images/icons/page-loader.gif]
[smallcharge.ml/images/icons/divider-2.png]
[smallcharge.ml/images/icons/page-loader-2.gif]
[smallcharge.ml/images/icons/divider-3.png]
[smallcharge.ml/images/icons/page-loader-3.gif]
[smallcharge.ml/images/icons/divider-4.png]
[smallcharge.ml/images/icons/page-loader-4.gif]
[smallcharge.ml/images/icons/divider-5.png]
[smallcharge.ml/images/icons/divider.png]
[smallcharge.ml/images/icons/divider-light.png]
[smallcharge.ml/images/icons/pattern-1.png]
[smallcharge.ml/images/icons/pattern-11.png]
[smallcharge.ml/images/icons/pattern-2.png]
[smallcharge.ml/images/icons/hex.png]
[smallcharge.ml/images/icons/pattern-8.png]
[smallcharge.ml/images/icons/pattern-3.png]
[smallcharge.ml/images/icons/pattern-5.png]
[smallcharge.ml/images/icons/pattern-9.png]
[smallcharge.ml/images/icons/pattern-12.png]
[smallcharge.ml/images/icons/pattern-4.png]
[smallcharge.ml/images/icons/dotted-map.png]
[smallcharge.ml/images/background/4.jpg]
[smallcharge.ml/images/icons/pattern-10.png]
[smallcharge.ml/images/icons/pattern-6.png]
[smallcharge.ml/images/icons/icon-select.png]
[smallcharge.ml/css/style.css]
[smallcharge.ml/css/responsive.css]
[smallcharge.ml/index-2.html]
[smallcharge.ml/images/icons/shape-1.png]
[smallcharge.ml/images/logo-3.png]
[smallcharge.ml/gallery.html]
[smallcharge.ml/images/logo-4.png]
[smallcharge.ml/images/resource/products/product-thumb-1.jpg]
[smallcharge.ml/images/resource/products/product-thumb-2.jpg]
[smallcharge.ml/images/resource/products/product-thumb-3.jpg]
[smallcharge.ml/images/main-slider/2-2.jpg]
[smallcharge.ml/images/resource/image-5.jpg]
[smallcharge.ml/images/main-slider/2-1.jpg]
[smallcharge.ml/images/resource/service-1.jpg]
[smallcharge.ml/images/resource/service-2.jpg]
[smallcharge.ml/images/resource/service-3.jpg]
[smallcharge.ml/images/gallery/1-1.jpg]
[smallcharge.ml/images/gallery/1-2.jpg]
[smallcharge.ml/images/gallery/1-3.jpg]
[smallcharge.ml/images/gallery/1-4.jpg]
[smallcharge.ml/images/gallery/1-5.jpg]
[smallcharge.ml/images/gallery/1-6.jpg]
[smallcharge.ml/images/resource/doctor-thumb.jpg]
[smallcharge.ml/images/logo-5.png]
[smallcharge.ml/images/background/3.jpg]
[smallcharge.ml/index-3.html]
[smallcharge.ml/js/mixitup.js]
[smallcharge.ml/images/logo-6.png]
[smallcharge.ml/images/icons/sign.png]
[smallcharge.ml/images/main-slider/3-2.jpg]
[smallcharge.ml/images/resource/image-6.jpg]
[smallcharge.ml/images/resource/team-5.jpg]
[smallcharge.ml/images/resource/team-6.jpg]
[smallcharge.ml/images/main-slider/3-1.jpg]
[smallcharge.ml/images/resource/team-7.jpg]
[smallcharge.ml/index-4.html]
[smallcharge.ml/images/logo-7.png]
[smallcharge.ml/images/resource/image-7.jpg]
[smallcharge.ml/images/main-slider/4-1.jpg]
[smallcharge.ml/images/icons/sign-2.png]
[smallcharge.ml/images/resource/image-8.png]
[smallcharge.ml/images/resource/image-9.jpg]
[smallcharge.ml/images/resource/service-4.jpg]
[smallcharge.ml/images/resource/service-5.jpg]
[smallcharge.ml/images/resource/service-6.jpg]
[smallcharge.ml/images/main-slider/4-2.jpg]
[smallcharge.ml/index-5.html]
[smallcharge.ml/images/logo-8.png]
[smallcharge.ml/images/resource/image-10.png]
[smallcharge.ml/images/background/5.jpg]
[smallcharge.ml/images/main-slider/5-1.jpg]
[smallcharge.ml/images/resource/service-7.jpg]
[smallcharge.ml/images/resource/service-8.jpg]
[smallcharge.ml/images/main-slider/5-2.jpg]
[smallcharge.ml/images/resource/service-9.jpg]
[smallcharge.ml/images/resource/image-11.png]
[smallcharge.ml/images/background/6.jpg]
[smallcharge.ml/images/resource/news-4.jpg]
[smallcharge.ml/images/resource/image-12.png]
[smallcharge.ml/index-6.html]
[smallcharge.ml/images/resource/footer-img.png]
[smallcharge.ml/images/resource/news-5.jpg]
[smallcharge.ml/images/logo-9.png]
[smallcharge.ml/about-us.html]
[smallcharge.ml/services.html]
[smallcharge.ml/pricing-table.html]
[smallcharge.ml/elements.html]
[smallcharge.ml/images/background/8.jpg]
[smallcharge.ml/js/jquery.countdown.js]
[smallcharge.ml/coming-soon.html]
[smallcharge.ml/images/background/9.jpg]
[smallcharge.ml/error-page.html]
[smallcharge.ml/terms-and-condition.html]
[smallcharge.ml/images/icons/error.png]
[smallcharge.ml/images/resource/team-8.jpg]
[smallcharge.ml/images/resource/team-9.jpg]
[smallcharge.ml/doctors.html]
[smallcharge.ml/doctor-detail.html]
[smallcharge.ml/images/resource/team-10.jpg]
[smallcharge.ml/images/resource/service-12.jpg]
[smallcharge.ml/images/resource/service-10.jpg]
[smallcharge.ml/images/resource/cs-img.png]
[smallcharge.ml/departments.html]
[smallcharge.ml/images/resource/service-11.jpg]
[smallcharge.ml/department-detail.html]
[smallcharge.ml/images/resource/service-single.jpg]
[smallcharge.ml/images/resource/blog-1.jpg]
[smallcharge.ml/images/resource/post-img.jpg]
[smallcharge.ml/images/resource/blog-2.jpg]
[smallcharge.ml/images/resource/blog-3.jpg]
[smallcharge.ml/images/resource/blog-4.jpg]
[smallcharge.ml/images/resource/blog-5.jpg]
[smallcharge.ml/blog-checkboard.html]
[smallcharge.ml/images/resource/blog-6.jpg]
[smallcharge.ml/images/resource/blog-masonry-1.jpg]
[smallcharge.ml/images/resource/blog-masonry-2.jpg]
[smallcharge.ml/images/resource/blog-masonry-3.jpg]
[smallcharge.ml/images/resource/blog-masonry-4.jpg]
[smallcharge.ml/images/resource/blog-masonry-6.jpg]
[smallcharge.ml/blog-masonry.html]
[smallcharge.ml/js/isotope.js]
[smallcharge.ml/blog-two-col.html]
[smallcharge.ml/blog-three-col.html]
[smallcharge.ml/blog-four-col-wide.html]
[smallcharge.ml/images/resource/blog-masonry-5.jpg]
[smallcharge.ml/images/resource/author-thumb.jpg]
[smallcharge.ml/images/resource/blog-single.jpg]
[smallcharge.ml/images/resource/avatar-1.jpg]
[smallcharge.ml/images/resource/avatar-2.jpg]
[smallcharge.ml/images/resource/avatar-3.jpg]
[smallcharge.ml/blog-single.html]
[smallcharge.ml/images/resource/instagram-1.jpg]
[smallcharge.ml/images/resource/instagram-2.jpg]
[smallcharge.ml/images/resource/instagram-3.jpg]
[smallcharge.ml/images/resource/instagram-4.jpg]
[smallcharge.ml/images/resource/instagram-5.jpg]
[smallcharge.ml/blog-post-image.html]
[smallcharge.ml/blog-post-gallery.html]
[smallcharge.ml/blog-post-link.html]
[smallcharge.ml/blog-post-audio.html]
[smallcharge.ml/blog-post-quote.html]
[smallcharge.ml/blog-post-video.html]
[smallcharge.ml/images/resource/instagram-6.jpg]
[smallcharge.ml/images/resource/products/1.jpg]
[smallcharge.ml/images/resource/products/2.jpg]
[smallcharge.ml/images/resource/products/3.jpg]
[smallcharge.ml/images/resource/products/4.jpg]
[smallcharge.ml/images/resource/products/5.jpg]
[smallcharge.ml/images/resource/products/6.jpg]
[smallcharge.ml/images/resource/products/7.jpg]
[smallcharge.ml/images/resource/products/8.jpg]
[smallcharge.ml/images/resource/products/9.jpg]
[smallcharge.ml/images/resource/products/10.jpg]
[smallcharge.ml/images/resource/products/11.jpg]
[smallcharge.ml/shop.html]
[smallcharge.ml/images/resource/products/12.jpg]
[smallcharge.ml/images/resource/products/product-sinlge.jpg]
[smallcharge.ml/shop-single.html]
[smallcharge.ml/js/jquery.bootstrap-touchspin.js]
[smallcharge.ml/shopping-cart.html]
[smallcharge.ml/images/resource/products/cart-img.jpg]
[smallcharge.ml/checkout.html]
[smallcharge.ml/login.html]
[smallcharge.ml/images/icons/paypal.png]
[smallcharge.ml/images/icons/map-marker.png]
[smallcharge.ml/js/map-script.js]
[smallcharge.ml/contact.html]
[smallcharge.ml/appointment.html]
[smallcharge.ml/plugins/revolution/fonts/revicons/revicons90c6.svg]
[smallcharge.ml/plugins/revolution/css/openhand.html]
[smallcharge.ml/plugins/revolution/css/closedhand.html]
[smallcharge.ml/fonts/Flaticon.eot]
[smallcharge.ml/fonts/Flaticond41d.eot]
[smallcharge.ml/fonts/Flaticon.woff2]
[smallcharge.ml/fonts/Flaticon.woff]
[smallcharge.ml/fonts/Flaticon.ttf]
[smallcharge.ml/css/flaticon.css]
[smallcharge.ml/fonts/Flaticon.svg]
[smallcharge.ml/fonts/fa-brands-400.eot]
[smallcharge.ml/fonts/fa-brands-400d41d.eot]
[smallcharge.ml/fonts/fa-brands-400.woff2]
[smallcharge.ml/fonts/fa-brands-400.woff]
[smallcharge.ml/fonts/fa-brands-400.ttf]
[smallcharge.ml/fonts/fa-brands-400.svg]
[smallcharge.ml/fonts/fa-regular-400.eot]
[smallcharge.ml/fonts/fa-regular-400d41d.eot]
[smallcharge.ml/fonts/fa-regular-400.woff2]
[smallcharge.ml/fonts/fa-regular-400.woff]
[smallcharge.ml/fonts/fa-regular-400.ttf]
[smallcharge.ml/fonts/fa-regular-400.svg]
[smallcharge.ml/fonts/fa-solid-900.eot]
[smallcharge.ml/fonts/fa-solid-900d41d.eot]
[smallcharge.ml/fonts/fa-solid-900.woff2]
[smallcharge.ml/fonts/fa-solid-900.woff]
[smallcharge.ml/fonts/fa-solid-900.ttf]
[smallcharge.ml/css/fontawesome-all.css]
[smallcharge.ml/css/animate.css]
[smallcharge.ml/css/owl.video.play.png]
[smallcharge.ml/css/owl.css]
[smallcharge.ml/fonts/fa-solid-900.svg]
[smallcharge.ml/css/images/ui-icons_444444_256x240.png]
[smallcharge.ml/css/images/ui-icons_555555_256x240.png]
[smallcharge.ml/css/images/ui-icons_ffffff_256x240.png]
[smallcharge.ml/css/images/ui-icons_777620_256x240.png]
[smallcharge.ml/css/images/ui-icons_cc0000_256x240.png]
[smallcharge.ml/css/images/ui-icons_777777_256x240.png]
[smallcharge.ml/css/jquery-ui.min.css]
[smallcharge.ml/css/mmenu.css]
[smallcharge.ml/css/jquery.fancybox.min.css]
[smallcharge.ml/css/jquery.modal.min.css]
[smallcharge.ml/css/jquery.bootstrap-touchspin.css]
[smallcharge.ml/images/gallery/1-7.jpg]
[smallcharge.ml/images/gallery/1-8.jpg]
[smallcharge.ml/images/gallery/1-9.jpg]
[smallcharge.ml/gallery.html]
[smallcharge.ml/blog-single.html]
[smallcharge.ml/images/resource/products/8.html]
[smallcharge.ml/fonts/Flaticon.html]
[smallcharge.ml/fonts/Flaticon.svg]
[smallcharge.ml/fonts/fa-brands-400.html]
[smallcharge.ml/fonts/fa-brands-400.svg]
[smallcharge.ml/fonts/fa-regular-400.html]
[smallcharge.ml/fonts/fa-regular-400.svg]
[smallcharge.ml/fonts/fa-solid-900.html]
[smallcharge.ml/fonts/fa-solid-900.svg]
[smallcharge.ml/css/owl.video.play.html]
[smallcharge.ml/css/images/ui-icons_ffffff_256x240.html]
[smallcharge.ml/css/images/ui-icons_777620_256x240.html]
[smallcharge.ml/css/images/ui-icons_cc0000_256x240.html]
[smallcharge.ml/css/images/ui-icons_777777_256x240.html]
[smallcharge.ml/images/gallery/1-7.html]
[smallcharge.ml/images/gallery/1-8.html]
[smallcharge.ml/images/gallery/1-9.html]
